Flow report for Secador
Thu Nov  8 23:49:47 2018
Quartus II 64-Bit Version 13.0.0 Build 156 04/24/2013 SJ Web Edition


---------------------
; Table of Contents ;
---------------------
  1. Legal Notice
  2. Flow Summary
  3. Flow Settings
  4. Flow Non-Default Global Settings
  5. Flow Elapsed Time
  6. Flow OS Summary
  7. Flow Log
  8. Flow Messages
  9. Flow Suppressed Messages



----------------
; Legal Notice ;
----------------
Copyright (C) 1991-2013 Altera Corporation
Your use of Altera Corporation's design tools, logic functions 
and other software and tools, and its AMPP partner logic 
functions, and any output files from any of the foregoing 
(including device programming or simulation files), and any 
associated documentation or information are expressly subject 
to the terms and conditions of the Altera Program License 
Subscription Agreement, Altera MegaCore Function License 
Agreement, or other applicable license agreement, including, 
without limitation, that your use is for the sole purpose of 
programming logic devices manufactured by Altera and sold by 
Altera or its authorized distributors.  Please refer to the 
applicable agreement for further details.



+---------------------------------------------------------------------------------+
; Flow Summary                                                                    ;
+------------------------------------+--------------------------------------------+
; Flow Status                        ; Successful - Thu Nov  8 23:49:47 2018      ;
; Quartus II 64-Bit Version          ; 13.0.0 Build 156 04/24/2013 SJ Web Edition ;
; Revision Name                      ; Secador                                    ;
; Top-level Entity Name              ; Secador                                    ;
; Family                             ; Cyclone II                                 ;
; Device                             ; EP2C35F672C6                               ;
; Timing Models                      ; Final                                      ;
; Total logic elements               ; 44 / 33,216 ( < 1 % )                      ;
;     Total combinational functions  ; 42 / 33,216 ( < 1 % )                      ;
;     Dedicated logic registers      ; 12 / 33,216 ( < 1 % )                      ;
; Total registers                    ; 12                                         ;
; Total pins                         ; 24 / 475 ( 5 % )                           ;
; Total virtual pins                 ; 0                                          ;
; Total memory bits                  ; 0 / 483,840 ( 0 % )                        ;
; Embedded Multiplier 9-bit elements ; 0 / 70 ( 0 % )                             ;
; Total PLLs                         ; 0 / 4 ( 0 % )                              ;
+------------------------------------+--------------------------------------------+


+-----------------------------------------+
; Flow Settings                           ;
+-------------------+---------------------+
; Option            ; Setting             ;
+-------------------+---------------------+
; Start date & time ; 11/08/2018 23:49:27 ;
; Main task         ; Compilation         ;
; Revision Name     ; Secador             ;
+-------------------+---------------------+


+------------------------------------------------------------------------------------------------------------------------------------------+
; Flow Non-Default Global Settings                                                                                                         ;
+-------------------------------------+-----------------------------------------------------+---------------+-------------+----------------+
; Assignment Name                     ; Value                                               ; Default Value ; Entity Name ; Section Id     ;
+-------------------------------------+-----------------------------------------------------+---------------+-------------+----------------+
; COMPILER_SIGNATURE_ID               ; 0.154173176717525                                   ; --            ; --          ; --             ;
; EDA_GENERATE_FUNCTIONAL_NETLIST     ; On                                                  ; --            ; --          ; eda_simulation ;
; EDA_OUTPUT_DATA_FORMAT              ; Verilog Hdl                                         ; --            ; --          ; eda_simulation ;
; EDA_SIMULATION_TOOL                 ; ModelSim-Altera (Verilog)                           ; <None>        ; --          ; --             ;
; IP_TOOL_NAME                        ; LPM_SHIFTREG                                        ; --            ; --          ; --             ;
; IP_TOOL_NAME                        ; LPM_COUNTER                                         ; --            ; --          ; --             ;
; IP_TOOL_NAME                        ; LPM_SHIFTREG                                        ; --            ; --          ; --             ;
; IP_TOOL_NAME                        ; LPM_SHIFTREG                                        ; --            ; --          ; --             ;
; IP_TOOL_NAME                        ; LPM_COUNTER                                         ; --            ; --          ; --             ;
; IP_TOOL_NAME                        ; LPM_COUNTER                                         ; --            ; --          ; --             ;
; IP_TOOL_NAME                        ; LPM_COUNTER                                         ; --            ; --          ; --             ;
; IP_TOOL_NAME                        ; LPM_SHIFTREG                                        ; --            ; --          ; --             ;
; IP_TOOL_NAME                        ; LPM_COUNTER                                         ; --            ; --          ; --             ;
; IP_TOOL_NAME                        ; ALTFP_CONVERT                                       ; --            ; --          ; --             ;
; IP_TOOL_NAME                        ; ALTFP_MULT                                          ; --            ; --          ; --             ;
; IP_TOOL_NAME                        ; ALTFP_COMPARE                                       ; --            ; --          ; --             ;
; IP_TOOL_NAME                        ; LPM_MUX                                             ; --            ; --          ; --             ;
; IP_TOOL_NAME                        ; ALTFP_ADD_SUB                                       ; --            ; --          ; --             ;
; IP_TOOL_NAME                        ; ALTFP_COMPARE                                       ; --            ; --          ; --             ;
; IP_TOOL_NAME                        ; ROM: 1-PORT                                         ; --            ; --          ; --             ;
; IP_TOOL_NAME                        ; ROM: 1-PORT                                         ; --            ; --          ; --             ;
; IP_TOOL_NAME                        ; ROM: 1-PORT                                         ; --            ; --          ; --             ;
; IP_TOOL_NAME                        ; ROM: 1-PORT                                         ; --            ; --          ; --             ;
; IP_TOOL_VERSION                     ; 13.0                                                ; --            ; --          ; --             ;
; IP_TOOL_VERSION                     ; 13.0                                                ; --            ; --          ; --             ;
; IP_TOOL_VERSION                     ; 13.0                                                ; --            ; --          ; --             ;
; IP_TOOL_VERSION                     ; 13.0                                                ; --            ; --          ; --             ;
; IP_TOOL_VERSION                     ; 13.0                                                ; --            ; --          ; --             ;
; IP_TOOL_VERSION                     ; 13.0                                                ; --            ; --          ; --             ;
; IP_TOOL_VERSION                     ; 13.0                                                ; --            ; --          ; --             ;
; IP_TOOL_VERSION                     ; 13.0                                                ; --            ; --          ; --             ;
; IP_TOOL_VERSION                     ; 13.0                                                ; --            ; --          ; --             ;
; IP_TOOL_VERSION                     ; 13.0                                                ; --            ; --          ; --             ;
; IP_TOOL_VERSION                     ; 13.0                                                ; --            ; --          ; --             ;
; IP_TOOL_VERSION                     ; 13.0                                                ; --            ; --          ; --             ;
; IP_TOOL_VERSION                     ; 13.0                                                ; --            ; --          ; --             ;
; IP_TOOL_VERSION                     ; 13.0                                                ; --            ; --          ; --             ;
; IP_TOOL_VERSION                     ; 13.0                                                ; --            ; --          ; --             ;
; IP_TOOL_VERSION                     ; 13.0                                                ; --            ; --          ; --             ;
; IP_TOOL_VERSION                     ; 13.0                                                ; --            ; --          ; --             ;
; IP_TOOL_VERSION                     ; 13.0                                                ; --            ; --          ; --             ;
; IP_TOOL_VERSION                     ; 13.0                                                ; --            ; --          ; --             ;
; MAX_CORE_JUNCTION_TEMP              ; 85                                                  ; --            ; --          ; --             ;
; MIN_CORE_JUNCTION_TEMP              ; 0                                                   ; --            ; --          ; --             ;
; MISC_FILE                           ; components/lpm_shiftreg_SPI.bsf                     ; --            ; --          ; --             ;
; MISC_FILE                           ; components/lpm_shiftreg_SPI.cmp                     ; --            ; --          ; --             ;
; MISC_FILE                           ; components/lpm_counter_SPI.bsf                      ; --            ; --          ; --             ;
; MISC_FILE                           ; components/lpm_counter_SPI.cmp                      ; --            ; --          ; --             ;
; MISC_FILE                           ; components/lpm_shiftreg_SENSOR1.bsf                 ; --            ; --          ; --             ;
; MISC_FILE                           ; components/lpm_shiftreg_SENSOR1.cmp                 ; --            ; --          ; --             ;
; MISC_FILE                           ; components/lpm_shiftreg_SENSOR1_SINCRONIZADOR_1.bsf ; --            ; --          ; --             ;
; MISC_FILE                           ; components/lpm_shiftreg_SENSOR1_SINCRONIZADOR_1.cmp ; --            ; --          ; --             ;
; MISC_FILE                           ; lpm_counter_TIMER_GLOBAL.bsf                        ; --            ; --          ; --             ;
; MISC_FILE                           ; lpm_counter_TIMER_GLOBAL.cmp                        ; --            ; --          ; --             ;
; MISC_FILE                           ; lpm_counter_CONTADOR_GLOBAL_MS.bsf                  ; --            ; --          ; --             ;
; MISC_FILE                           ; lpm_counter_CONTADOR_GLOBAL_MS.cmp                  ; --            ; --          ; --             ;
; MISC_FILE                           ; waveforms/lpm_counter_SPI_0_TO_2.bsf                ; --            ; --          ; --             ;
; MISC_FILE                           ; waveforms/lpm_counter_SPI_0_TO_2.cmp                ; --            ; --          ; --             ;
; MISC_FILE                           ; waveforms/lpm_shiftreg_SPI_TRANSITION_STATE.bsf     ; --            ; --          ; --             ;
; MISC_FILE                           ; waveforms/lpm_shiftreg_SPI_TRANSITION_STATE.cmp     ; --            ; --          ; --             ;
; MISC_FILE                           ; waveforms/lpm_counter_SPI_STATE_RECEIVE.bsf         ; --            ; --          ; --             ;
; MISC_FILE                           ; waveforms/lpm_counter_SPI_STATE_RECEIVE.cmp         ; --            ; --          ; --             ;
; MISC_FILE                           ; altfp_convert_INT_TO_FP.bsf                         ; --            ; --          ; --             ;
; MISC_FILE                           ; altfp_convert_INT_TO_FP_inst.vhd                    ; --            ; --          ; --             ;
; MISC_FILE                           ; altfp_convert_INT_TO_FP.inc                         ; --            ; --          ; --             ;
; MISC_FILE                           ; altfp_convert_INT_TO_FP.cmp                         ; --            ; --          ; --             ;
; MISC_FILE                           ; altfp_mult_ADJUSTING_DATA.bsf                       ; --            ; --          ; --             ;
; MISC_FILE                           ; altfp_mult_ADJUSTING_DATA_inst.vhd                  ; --            ; --          ; --             ;
; MISC_FILE                           ; altfp_mult_ADJUSTING_DATA.inc                       ; --            ; --          ; --             ;
; MISC_FILE                           ; altfp_mult_ADJUSTING_DATA.cmp                       ; --            ; --          ; --             ;
; MISC_FILE                           ; altfp_compare_Z.bsf                                 ; --            ; --          ; --             ;
; MISC_FILE                           ; altfp_compare_Z.cmp                                 ; --            ; --          ; --             ;
; MISC_FILE                           ; components/lpm_mux_DECODER_Z.bsf                    ; --            ; --          ; --             ;
; MISC_FILE                           ; components/lpm_mux_DECODER_Z.cmp                    ; --            ; --          ; --             ;
; MISC_FILE                           ; components/altfp_add_sub_Z.bsf                      ; --            ; --          ; --             ;
; MISC_FILE                           ; components/altfp_add_sub_Z.cmp                      ; --            ; --          ; --             ;
; MISC_FILE                           ; components/altfp_compare_Z_T.bsf                    ; --            ; --          ; --             ;
; MISC_FILE                           ; components/altfp_compare_Z_T.cmp                    ; --            ; --          ; --             ;
; MISC_FILE                           ; components/romA.cmp                                 ; --            ; --          ; --             ;
; MISC_FILE                           ; components/romB.cmp                                 ; --            ; --          ; --             ;
; MISC_FILE                           ; components/romAng.bsf                               ; --            ; --          ; --             ;
; MISC_FILE                           ; components/romAng.cmp                               ; --            ; --          ; --             ;
; MISC_FILE                           ; components/romLin.bsf                               ; --            ; --          ; --             ;
; MISC_FILE                           ; components/romLin.cmp                               ; --            ; --          ; --             ;
; PARTITION_COLOR                     ; 16764057                                            ; --            ; --          ; Top            ;
; PARTITION_FITTER_PRESERVATION_LEVEL ; PLACEMENT_AND_ROUTING                               ; --            ; --          ; Top            ;
; PARTITION_NETLIST_TYPE              ; SOURCE                                              ; --            ; --          ; Top            ;
; PROJECT_OUTPUT_DIRECTORY            ; output_files                                        ; --            ; --          ; --             ;
+-------------------------------------+-----------------------------------------------------+---------------+-------------+----------------+


+-------------------------------------------------------------------------------------------------------------------------------+
; Flow Elapsed Time                                                                                                             ;
+---------------------------+--------------+-------------------------+---------------------+------------------------------------+
; Module Name               ; Elapsed Time ; Average Processors Used ; Peak Virtual Memory ; Total CPU Time (on all processors) ;
+---------------------------+--------------+-------------------------+---------------------+------------------------------------+
; Analysis & Synthesis      ; 00:00:04     ; 1.0                     ; 689 MB              ; 00:00:04                           ;
; Fitter                    ; 00:00:05     ; 1.0                     ; 724 MB              ; 00:00:05                           ;
; Assembler                 ; 00:00:02     ; 1.0                     ; 550 MB              ; 00:00:02                           ;
; TimeQuest Timing Analyzer ; 00:00:01     ; 1.0                     ; 500 MB              ; 00:00:01                           ;
; EDA Netlist Writer        ; 00:00:00     ; 1.0                     ; 788 MB              ; 00:00:00                           ;
; Total                     ; 00:00:12     ; --                      ; --                  ; 00:00:12                           ;
+---------------------------+--------------+-------------------------+---------------------+------------------------------------+


+---------------------------------------------------------------------------------------------+
; Flow OS Summary                                                                             ;
+---------------------------+------------------+----------------+------------+----------------+
; Module Name               ; Machine Hostname ; OS Name        ; OS Version ; Processor type ;
+---------------------------+------------------+----------------+------------+----------------+
; Analysis & Synthesis      ; Vulcan           ; Ubuntu 16.04.5 ; 16         ; x86_64         ;
; Fitter                    ; Vulcan           ; Ubuntu 16.04.5 ; 16         ; x86_64         ;
; Assembler                 ; Vulcan           ; Ubuntu 16.04.5 ; 16         ; x86_64         ;
; TimeQuest Timing Analyzer ; Vulcan           ; Ubuntu 16.04.5 ; 16         ; x86_64         ;
; EDA Netlist Writer        ; Vulcan           ; Ubuntu 16.04.5 ; 16         ; x86_64         ;
+---------------------------+------------------+----------------+------------+----------------+


------------
; Flow Log ;
------------
quartus_map --read_settings_files=on --write_settings_files=off Secador -c Secador
quartus_fit --read_settings_files=off --write_settings_files=off Secador -c Secador
quartus_asm --read_settings_files=off --write_settings_files=off Secador -c Secador
quartus_sta Secador -c Secador
quartus_eda --read_settings_files=off --write_settings_files=off Secador -c Secador



