Analysis & Synthesis report for Secador
Thu Nov  8 08:01:39 2018
Quartus II 64-Bit Version 13.0.0 Build 156 04/24/2013 SJ Web Edition


---------------------
; Table of Contents ;
---------------------
  1. Legal Notice
  2. Analysis & Synthesis Summary
  3. Analysis & Synthesis Settings
  4. Parallel Compilation
  5. Analysis & Synthesis Source Files Read
  6. Analysis & Synthesis Resource Usage Summary
  7. Analysis & Synthesis Resource Utilization by Entity
  8. Analysis & Synthesis IP Cores Summary
  9. General Register Statistics
 10. Parameter Settings for User Entity Instance: lpm_shiftreg_SENSOR1_SINCRONIZADOR_1:inst10|lpm_shiftreg:LPM_SHIFTREG_component
 11. Parameter Settings for User Entity Instance: lpm_counter_SPI:inst2|lpm_counter:LPM_COUNTER_component
 12. Parameter Settings for User Entity Instance: lpm_shiftreg_SENSOR1:inst3|lpm_shiftreg:LPM_SHIFTREG_component
 13. Parameter Settings for User Entity Instance: lpm_shiftreg_SPI:inst|lpm_shiftreg:LPM_SHIFTREG_component
 14. Parameter Settings for User Entity Instance: lpm_shiftreg_SENSOR1_SINCRONIZADOR_1:inst11|lpm_shiftreg:LPM_SHIFTREG_component
 15. Parameter Settings for User Entity Instance: lpm_shiftreg_SENSOR1:inst4|lpm_shiftreg:LPM_SHIFTREG_component
 16. lpm_shiftreg Parameter Settings by Entity Instance
 17. Elapsed Time Per Partition
 18. Analysis & Synthesis Messages



----------------
; Legal Notice ;
----------------
Copyright (C) 1991-2013 Altera Corporation
Your use of Altera Corporation's design tools, logic functions 
and other software and tools, and its AMPP partner logic 
functions, and any output files from any of the foregoing 
(including device programming or simulation files), and any 
associated documentation or information are expressly subject 
to the terms and conditions of the Altera Program License 
Subscription Agreement, Altera MegaCore Function License 
Agreement, or other applicable license agreement, including, 
without limitation, that your use is for the sole purpose of 
programming logic devices manufactured by Altera and sold by 
Altera or its authorized distributors.  Please refer to the 
applicable agreement for further details.



+---------------------------------------------------------------------------------+
; Analysis & Synthesis Summary                                                    ;
+------------------------------------+--------------------------------------------+
; Analysis & Synthesis Status        ; Successful - Thu Nov  8 08:01:39 2018      ;
; Quartus II 64-Bit Version          ; 13.0.0 Build 156 04/24/2013 SJ Web Edition ;
; Revision Name                      ; Secador                                    ;
; Top-level Entity Name              ; Secador                                    ;
; Family                             ; Cyclone II                                 ;
; Total logic elements               ; 52                                         ;
;     Total combinational functions  ; 22                                         ;
;     Dedicated logic registers      ; 51                                         ;
; Total registers                    ; 51                                         ;
; Total pins                         ; 24                                         ;
; Total virtual pins                 ; 0                                          ;
; Total memory bits                  ; 0                                          ;
; Embedded Multiplier 9-bit elements ; 0                                          ;
; Total PLLs                         ; 0                                          ;
+------------------------------------+--------------------------------------------+


+----------------------------------------------------------------------------------------------------------------------+
; Analysis & Synthesis Settings                                                                                        ;
+----------------------------------------------------------------------------+--------------------+--------------------+
; Option                                                                     ; Setting            ; Default Value      ;
+----------------------------------------------------------------------------+--------------------+--------------------+
; Device                                                                     ; EP2C35F672C6       ;                    ;
; Top-level entity name                                                      ; Secador            ; Secador            ;
; Family name                                                                ; Cyclone II         ; Cyclone IV GX      ;
; Use smart compilation                                                      ; Off                ; Off                ;
; Enable parallel Assembler and TimeQuest Timing Analyzer during compilation ; On                 ; On                 ;
; Enable compact report table                                                ; Off                ; Off                ;
; Restructure Multiplexers                                                   ; Auto               ; Auto               ;
; Create Debugging Nodes for IP Cores                                        ; Off                ; Off                ;
; Preserve fewer node names                                                  ; On                 ; On                 ;
; Disable OpenCore Plus hardware evaluation                                  ; Off                ; Off                ;
; Verilog Version                                                            ; Verilog_2001       ; Verilog_2001       ;
; VHDL Version                                                               ; VHDL_1993          ; VHDL_1993          ;
; State Machine Processing                                                   ; Auto               ; Auto               ;
; Safe State Machine                                                         ; Off                ; Off                ;
; Extract Verilog State Machines                                             ; On                 ; On                 ;
; Extract VHDL State Machines                                                ; On                 ; On                 ;
; Ignore Verilog initial constructs                                          ; Off                ; Off                ;
; Iteration limit for constant Verilog loops                                 ; 5000               ; 5000               ;
; Iteration limit for non-constant Verilog loops                             ; 250                ; 250                ;
; Add Pass-Through Logic to Inferred RAMs                                    ; On                 ; On                 ;
; Infer RAMs from Raw Logic                                                  ; On                 ; On                 ;
; Parallel Synthesis                                                         ; On                 ; On                 ;
; DSP Block Balancing                                                        ; Auto               ; Auto               ;
; NOT Gate Push-Back                                                         ; On                 ; On                 ;
; Power-Up Don't Care                                                        ; On                 ; On                 ;
; Remove Redundant Logic Cells                                               ; Off                ; Off                ;
; Remove Duplicate Registers                                                 ; On                 ; On                 ;
; Ignore CARRY Buffers                                                       ; Off                ; Off                ;
; Ignore CASCADE Buffers                                                     ; Off                ; Off                ;
; Ignore GLOBAL Buffers                                                      ; Off                ; Off                ;
; Ignore ROW GLOBAL Buffers                                                  ; Off                ; Off                ;
; Ignore LCELL Buffers                                                       ; Off                ; Off                ;
; Ignore SOFT Buffers                                                        ; On                 ; On                 ;
; Limit AHDL Integers to 32 Bits                                             ; Off                ; Off                ;
; Optimization Technique                                                     ; Balanced           ; Balanced           ;
; Carry Chain Length                                                         ; 70                 ; 70                 ;
; Auto Carry Chains                                                          ; On                 ; On                 ;
; Auto Open-Drain Pins                                                       ; On                 ; On                 ;
; Perform WYSIWYG Primitive Resynthesis                                      ; Off                ; Off                ;
; Auto ROM Replacement                                                       ; On                 ; On                 ;
; Auto RAM Replacement                                                       ; On                 ; On                 ;
; Auto Shift Register Replacement                                            ; Auto               ; Auto               ;
; Allow Shift Register Merging across Hierarchies                            ; Auto               ; Auto               ;
; Auto Clock Enable Replacement                                              ; On                 ; On                 ;
; Strict RAM Replacement                                                     ; Off                ; Off                ;
; Allow Synchronous Control Signals                                          ; On                 ; On                 ;
; Force Use of Synchronous Clear Signals                                     ; Off                ; Off                ;
; Auto RAM to Logic Cell Conversion                                          ; Off                ; Off                ;
; Auto Resource Sharing                                                      ; Off                ; Off                ;
; Allow Any RAM Size For Recognition                                         ; Off                ; Off                ;
; Allow Any ROM Size For Recognition                                         ; Off                ; Off                ;
; Allow Any Shift Register Size For Recognition                              ; Off                ; Off                ;
; Use LogicLock Constraints during Resource Balancing                        ; On                 ; On                 ;
; Ignore translate_off and synthesis_off directives                          ; Off                ; Off                ;
; Timing-Driven Synthesis                                                    ; Off                ; Off                ;
; Report Parameter Settings                                                  ; On                 ; On                 ;
; Report Source Assignments                                                  ; On                 ; On                 ;
; Report Connectivity Checks                                                 ; On                 ; On                 ;
; Ignore Maximum Fan-Out Assignments                                         ; Off                ; Off                ;
; Synchronization Register Chain Length                                      ; 2                  ; 2                  ;
; PowerPlay Power Optimization                                               ; Normal compilation ; Normal compilation ;
; HDL message level                                                          ; Level2             ; Level2             ;
; Suppress Register Optimization Related Messages                            ; Off                ; Off                ;
; Number of Removed Registers Reported in Synthesis Report                   ; 5000               ; 5000               ;
; Number of Swept Nodes Reported in Synthesis Report                         ; 5000               ; 5000               ;
; Number of Inverted Registers Reported in Synthesis Report                  ; 100                ; 100                ;
; Clock MUX Protection                                                       ; On                 ; On                 ;
; Auto Gated Clock Conversion                                                ; Off                ; Off                ;
; Block Design Naming                                                        ; Auto               ; Auto               ;
; SDC constraint protection                                                  ; Off                ; Off                ;
; Synthesis Effort                                                           ; Auto               ; Auto               ;
; Shift Register Replacement - Allow Asynchronous Clear Signal               ; On                 ; On                 ;
; Pre-Mapping Resynthesis Optimization                                       ; Off                ; Off                ;
; Analysis & Synthesis Message Level                                         ; Medium             ; Medium             ;
; Disable Register Merging Across Hierarchies                                ; Auto               ; Auto               ;
; Resource Aware Inference For Block RAM                                     ; On                 ; On                 ;
; Synthesis Seed                                                             ; 1                  ; 1                  ;
+----------------------------------------------------------------------------+--------------------+--------------------+


Parallel compilation was disabled, but you have multiple processors available. Enable parallel compilation to reduce compilation time.
+-------------------------------------+
; Parallel Compilation                ;
+----------------------------+--------+
; Processors                 ; Number ;
+----------------------------+--------+
; Number detected on machine ; 4      ;
; Maximum allowed            ; 1      ;
+----------------------------+--------+


+--------------------------------------------------------------------------------------------------------------------------------------------------------------------------------------------------------------+
; Analysis & Synthesis Source Files Read                                                                                                                                                                       ;
+-----------------------------------------------------+-----------------+------------------------------------+---------------------------------------------------------------------------------------+---------+
; File Name with User-Entered Path                    ; Used in Netlist ; File Type                          ; File Name with Absolute Path                                                          ; Library ;
+-----------------------------------------------------+-----------------+------------------------------------+---------------------------------------------------------------------------------------+---------+
; components/lpm_shiftreg_SPI.vhd                     ; yes             ; User Wizard-Generated File         ; /home/lnsnow/workspace/SDPU3/fpga/components/lpm_shiftreg_SPI.vhd                     ;         ;
; components/lpm_counter_SPI.vhd                      ; yes             ; User Wizard-Generated File         ; /home/lnsnow/workspace/SDPU3/fpga/components/lpm_counter_SPI.vhd                      ;         ;
; components/lpm_shiftreg_SENSOR1.vhd                 ; yes             ; User Wizard-Generated File         ; /home/lnsnow/workspace/SDPU3/fpga/components/lpm_shiftreg_SENSOR1.vhd                 ;         ;
; components/lpm_shiftreg_SENSOR1_SINCRONIZADOR_1.vhd ; yes             ; User Wizard-Generated File         ; /home/lnsnow/workspace/SDPU3/fpga/components/lpm_shiftreg_SENSOR1_SINCRONIZADOR_1.vhd ;         ;
; Secador.bdf                                         ; yes             ; User Block Diagram/Schematic File  ; /home/lnsnow/workspace/SDPU3/fpga/Secador.bdf                                         ;         ;
; lpm_shiftreg.tdf                                    ; yes             ; Megafunction                       ; /home/lnsnow/altera/13.0/quartus/libraries/megafunctions/lpm_shiftreg.tdf             ;         ;
; lpm_constant.inc                                    ; yes             ; Megafunction                       ; /home/lnsnow/altera/13.0/quartus/libraries/megafunctions/lpm_constant.inc             ;         ;
; dffeea.inc                                          ; yes             ; Megafunction                       ; /home/lnsnow/altera/13.0/quartus/libraries/megafunctions/dffeea.inc                   ;         ;
; aglobal130.inc                                      ; yes             ; Megafunction                       ; /home/lnsnow/altera/13.0/quartus/libraries/megafunctions/aglobal130.inc               ;         ;
; lpm_counter.tdf                                     ; yes             ; Megafunction                       ; /home/lnsnow/altera/13.0/quartus/libraries/megafunctions/lpm_counter.tdf              ;         ;
; lpm_decode.inc                                      ; yes             ; Megafunction                       ; /home/lnsnow/altera/13.0/quartus/libraries/megafunctions/lpm_decode.inc               ;         ;
; lpm_add_sub.inc                                     ; yes             ; Megafunction                       ; /home/lnsnow/altera/13.0/quartus/libraries/megafunctions/lpm_add_sub.inc              ;         ;
; cmpconst.inc                                        ; yes             ; Megafunction                       ; /home/lnsnow/altera/13.0/quartus/libraries/megafunctions/cmpconst.inc                 ;         ;
; lpm_compare.inc                                     ; yes             ; Megafunction                       ; /home/lnsnow/altera/13.0/quartus/libraries/megafunctions/lpm_compare.inc              ;         ;
; lpm_counter.inc                                     ; yes             ; Megafunction                       ; /home/lnsnow/altera/13.0/quartus/libraries/megafunctions/lpm_counter.inc              ;         ;
; alt_counter_stratix.inc                             ; yes             ; Megafunction                       ; /home/lnsnow/altera/13.0/quartus/libraries/megafunctions/alt_counter_stratix.inc      ;         ;
; db/cntr_g3i.tdf                                     ; yes             ; Auto-Generated Megafunction        ; /home/lnsnow/workspace/SDPU3/fpga/db/cntr_g3i.tdf                                     ;         ;
+-----------------------------------------------------+-----------------+------------------------------------+---------------------------------------------------------------------------------------+---------+


+----------------------------------------------------------------------------------------------------------------------------------------------------+
; Analysis & Synthesis Resource Usage Summary                                                                                                        ;
+---------------------------------------------+------------------------------------------------------------------------------------------------------+
; Resource                                    ; Usage                                                                                                ;
+---------------------------------------------+------------------------------------------------------------------------------------------------------+
; Estimated Total logic elements              ; 52                                                                                                   ;
;                                             ;                                                                                                      ;
; Total combinational functions               ; 22                                                                                                   ;
; Logic element usage by number of LUT inputs ;                                                                                                      ;
;     -- 4 input functions                    ; 0                                                                                                    ;
;     -- 3 input functions                    ; 18                                                                                                   ;
;     -- <=2 input functions                  ; 4                                                                                                    ;
;                                             ;                                                                                                      ;
; Logic elements by mode                      ;                                                                                                      ;
;     -- normal mode                          ; 21                                                                                                   ;
;     -- arithmetic mode                      ; 1                                                                                                    ;
;                                             ;                                                                                                      ;
; Total registers                             ; 51                                                                                                   ;
;     -- Dedicated logic registers            ; 51                                                                                                   ;
;     -- I/O registers                        ; 0                                                                                                    ;
;                                             ;                                                                                                      ;
; I/O pins                                    ; 24                                                                                                   ;
; Embedded Multiplier 9-bit elements          ; 0                                                                                                    ;
; Maximum fan-out node                        ; lpm_counter_SPI:inst2|lpm_counter:LPM_COUNTER_component|cntr_g3i:auto_generated|counter_comb_bita0~0 ;
; Maximum fan-out                             ; 40                                                                                                   ;
; Total fan-out                               ; 202                                                                                                  ;
; Average fan-out                             ; 2.08                                                                                                 ;
+---------------------------------------------+------------------------------------------------------------------------------------------------------+


+------------------------------------------------------------------------------------------------------------------------------------------------------------------------------------------------------------------------------------------------------------------------+
; Analysis & Synthesis Resource Utilization by Entity                                                                                                                                                                                                                    ;
+--------------------------------------------------+-------------------+--------------+-------------+--------------+---------+-----------+------+--------------+------------------------------------------------------------------------------------------+--------------+
; Compilation Hierarchy Node                       ; LC Combinationals ; LC Registers ; Memory Bits ; DSP Elements ; DSP 9x9 ; DSP 18x18 ; Pins ; Virtual Pins ; Full Hierarchy Name                                                                      ; Library Name ;
+--------------------------------------------------+-------------------+--------------+-------------+--------------+---------+-----------+------+--------------+------------------------------------------------------------------------------------------+--------------+
; |Secador                                         ; 22 (0)            ; 51 (0)       ; 0           ; 0            ; 0       ; 0         ; 24   ; 0            ; |Secador                                                                                 ;              ;
;    |lpm_counter_SPI:inst2|                       ; 2 (0)             ; 1 (0)        ; 0           ; 0            ; 0       ; 0         ; 0    ; 0            ; |Secador|lpm_counter_SPI:inst2                                                           ;              ;
;       |lpm_counter:LPM_COUNTER_component|        ; 2 (0)             ; 1 (0)        ; 0           ; 0            ; 0       ; 0         ; 0    ; 0            ; |Secador|lpm_counter_SPI:inst2|lpm_counter:LPM_COUNTER_component                         ;              ;
;          |cntr_g3i:auto_generated|               ; 2 (2)             ; 1 (1)        ; 0           ; 0            ; 0       ; 0         ; 0    ; 0            ; |Secador|lpm_counter_SPI:inst2|lpm_counter:LPM_COUNTER_component|cntr_g3i:auto_generated ;              ;
;    |lpm_shiftreg_SENSOR1:inst3|                  ; 0 (0)             ; 10 (0)       ; 0           ; 0            ; 0       ; 0         ; 0    ; 0            ; |Secador|lpm_shiftreg_SENSOR1:inst3                                                      ;              ;
;       |lpm_shiftreg:LPM_SHIFTREG_component|      ; 0 (0)             ; 10 (10)      ; 0           ; 0            ; 0       ; 0         ; 0    ; 0            ; |Secador|lpm_shiftreg_SENSOR1:inst3|lpm_shiftreg:LPM_SHIFTREG_component                  ;              ;
;    |lpm_shiftreg_SENSOR1:inst4|                  ; 0 (0)             ; 10 (0)       ; 0           ; 0            ; 0       ; 0         ; 0    ; 0            ; |Secador|lpm_shiftreg_SENSOR1:inst4                                                      ;              ;
;       |lpm_shiftreg:LPM_SHIFTREG_component|      ; 0 (0)             ; 10 (10)      ; 0           ; 0            ; 0       ; 0         ; 0    ; 0            ; |Secador|lpm_shiftreg_SENSOR1:inst4|lpm_shiftreg:LPM_SHIFTREG_component                  ;              ;
;    |lpm_shiftreg_SENSOR1_SINCRONIZADOR_1:inst10| ; 10 (0)            ; 10 (0)       ; 0           ; 0            ; 0       ; 0         ; 0    ; 0            ; |Secador|lpm_shiftreg_SENSOR1_SINCRONIZADOR_1:inst10                                     ;              ;
;       |lpm_shiftreg:LPM_SHIFTREG_component|      ; 10 (10)           ; 10 (10)      ; 0           ; 0            ; 0       ; 0         ; 0    ; 0            ; |Secador|lpm_shiftreg_SENSOR1_SINCRONIZADOR_1:inst10|lpm_shiftreg:LPM_SHIFTREG_component ;              ;
;    |lpm_shiftreg_SENSOR1_SINCRONIZADOR_1:inst11| ; 10 (0)            ; 10 (0)       ; 0           ; 0            ; 0       ; 0         ; 0    ; 0            ; |Secador|lpm_shiftreg_SENSOR1_SINCRONIZADOR_1:inst11                                     ;              ;
;       |lpm_shiftreg:LPM_SHIFTREG_component|      ; 10 (10)           ; 10 (10)      ; 0           ; 0            ; 0       ; 0         ; 0    ; 0            ; |Secador|lpm_shiftreg_SENSOR1_SINCRONIZADOR_1:inst11|lpm_shiftreg:LPM_SHIFTREG_component ;              ;
;    |lpm_shiftreg_SPI:inst|                       ; 0 (0)             ; 10 (0)       ; 0           ; 0            ; 0       ; 0         ; 0    ; 0            ; |Secador|lpm_shiftreg_SPI:inst                                                           ;              ;
;       |lpm_shiftreg:LPM_SHIFTREG_component|      ; 0 (0)             ; 10 (10)      ; 0           ; 0            ; 0       ; 0         ; 0    ; 0            ; |Secador|lpm_shiftreg_SPI:inst|lpm_shiftreg:LPM_SHIFTREG_component                       ;              ;
+--------------------------------------------------+-------------------+--------------+-------------+--------------+---------+-----------+------+--------------+------------------------------------------------------------------------------------------+--------------+
Note: For table entries with two numbers listed, the numbers in parentheses indicate the number of resources of the given type used by the specific entity alone. The numbers listed outside of parentheses indicate the total resources of the given type used by the specific entity and all of its sub-entities in the hierarchy.


+--------------------------------------------------------------------------------------------------------------------------------------------------------------------------------------------------------------+
; Analysis & Synthesis IP Cores Summary                                                                                                                                                                        ;
+--------+--------------+---------+--------------+--------------+------------------------------------------------------+---------------------------------------------------------------------------------------+
; Vendor ; IP Core Name ; Version ; Release Date ; License Type ; Entity Instance                                      ; IP Include File                                                                       ;
+--------+--------------+---------+--------------+--------------+------------------------------------------------------+---------------------------------------------------------------------------------------+
; Altera ; LPM_SHIFTREG ; 13.0    ; N/A          ; N/A          ; |Secador|lpm_shiftreg_SPI:inst                       ; /home/lnsnow/workspace/SDPU3/fpga/components/lpm_shiftreg_SPI.vhd                     ;
; Altera ; LPM_COUNTER  ; 13.0    ; N/A          ; N/A          ; |Secador|lpm_counter_SPI:inst2                       ; /home/lnsnow/workspace/SDPU3/fpga/components/lpm_counter_SPI.vhd                      ;
; Altera ; LPM_SHIFTREG ; 13.0    ; N/A          ; N/A          ; |Secador|lpm_shiftreg_SENSOR1:inst3                  ; /home/lnsnow/workspace/SDPU3/fpga/components/lpm_shiftreg_SENSOR1.vhd                 ;
; Altera ; LPM_SHIFTREG ; 13.0    ; N/A          ; N/A          ; |Secador|lpm_shiftreg_SENSOR1:inst4                  ; /home/lnsnow/workspace/SDPU3/fpga/components/lpm_shiftreg_SENSOR1.vhd                 ;
; Altera ; LPM_SHIFTREG ; 13.0    ; N/A          ; N/A          ; |Secador|lpm_shiftreg_SENSOR1_SINCRONIZADOR_1:inst10 ; /home/lnsnow/workspace/SDPU3/fpga/components/lpm_shiftreg_SENSOR1_SINCRONIZADOR_1.vhd ;
; Altera ; LPM_SHIFTREG ; 13.0    ; N/A          ; N/A          ; |Secador|lpm_shiftreg_SENSOR1_SINCRONIZADOR_1:inst11 ; /home/lnsnow/workspace/SDPU3/fpga/components/lpm_shiftreg_SENSOR1_SINCRONIZADOR_1.vhd ;
+--------+--------------+---------+--------------+--------------+------------------------------------------------------+---------------------------------------------------------------------------------------+


+------------------------------------------------------+
; General Register Statistics                          ;
+----------------------------------------------+-------+
; Statistic                                    ; Value ;
+----------------------------------------------+-------+
; Total registers                              ; 51    ;
; Number of registers using Synchronous Clear  ; 0     ;
; Number of registers using Synchronous Load   ; 0     ;
; Number of registers using Asynchronous Clear ; 0     ;
; Number of registers using Asynchronous Load  ; 0     ;
; Number of registers using Clock Enable       ; 30    ;
; Number of registers using Preset             ; 0     ;
+----------------------------------------------+-------+


+------------------------------------------------------------------------------------------------------------------------------+
; Parameter Settings for User Entity Instance: lpm_shiftreg_SENSOR1_SINCRONIZADOR_1:inst10|lpm_shiftreg:LPM_SHIFTREG_component ;
+------------------------+------------+----------------------------------------------------------------------------------------+
; Parameter Name         ; Value      ; Type                                                                                   ;
+------------------------+------------+----------------------------------------------------------------------------------------+
; LPM_WIDTH              ; 10         ; Signed Integer                                                                         ;
; LPM_DIRECTION          ; LEFT       ; Untyped                                                                                ;
; LPM_AVALUE             ; UNUSED     ; Untyped                                                                                ;
; LPM_SVALUE             ; UNUSED     ; Untyped                                                                                ;
; DEVICE_FAMILY          ; Cyclone II ; Untyped                                                                                ;
; AUTO_CARRY_CHAINS      ; ON         ; AUTO_CARRY                                                                             ;
; IGNORE_CARRY_BUFFERS   ; OFF        ; IGNORE_CARRY                                                                           ;
; AUTO_CASCADE_CHAINS    ; ON         ; AUTO_CASCADE                                                                           ;
; IGNORE_CASCADE_BUFFERS ; OFF        ; IGNORE_CASCADE                                                                         ;
+------------------------+------------+----------------------------------------------------------------------------------------+
Note: In order to hide this table in the UI and the text report file, please set the "Show Parameter Settings in Synthesis Report" option in "Analysis and Synthesis Settings -> More Settings" to "Off".


+------------------------------------------------------------------------------------------------------+
; Parameter Settings for User Entity Instance: lpm_counter_SPI:inst2|lpm_counter:LPM_COUNTER_component ;
+------------------------+-------------+---------------------------------------------------------------+
; Parameter Name         ; Value       ; Type                                                          ;
+------------------------+-------------+---------------------------------------------------------------+
; AUTO_CARRY_CHAINS      ; ON          ; AUTO_CARRY                                                    ;
; IGNORE_CARRY_BUFFERS   ; OFF         ; IGNORE_CARRY                                                  ;
; AUTO_CASCADE_CHAINS    ; ON          ; AUTO_CASCADE                                                  ;
; IGNORE_CASCADE_BUFFERS ; OFF         ; IGNORE_CASCADE                                                ;
; LPM_WIDTH              ; 1           ; Signed Integer                                                ;
; LPM_DIRECTION          ; UP          ; Untyped                                                       ;
; LPM_MODULUS            ; 0           ; Untyped                                                       ;
; LPM_AVALUE             ; UNUSED      ; Untyped                                                       ;
; LPM_SVALUE             ; UNUSED      ; Untyped                                                       ;
; LPM_PORT_UPDOWN        ; PORT_UNUSED ; Untyped                                                       ;
; DEVICE_FAMILY          ; Cyclone II  ; Untyped                                                       ;
; CARRY_CHAIN            ; MANUAL      ; Untyped                                                       ;
; CARRY_CHAIN_LENGTH     ; 48          ; CARRY_CHAIN_LENGTH                                            ;
; NOT_GATE_PUSH_BACK     ; ON          ; NOT_GATE_PUSH_BACK                                            ;
; CARRY_CNT_EN           ; SMART       ; Untyped                                                       ;
; LABWIDE_SCLR           ; ON          ; Untyped                                                       ;
; USE_NEW_VERSION        ; TRUE        ; Untyped                                                       ;
; CBXI_PARAMETER         ; cntr_g3i    ; Untyped                                                       ;
+------------------------+-------------+---------------------------------------------------------------+
Note: In order to hide this table in the UI and the text report file, please set the "Show Parameter Settings in Synthesis Report" option in "Analysis and Synthesis Settings -> More Settings" to "Off".


+-------------------------------------------------------------------------------------------------------------+
; Parameter Settings for User Entity Instance: lpm_shiftreg_SENSOR1:inst3|lpm_shiftreg:LPM_SHIFTREG_component ;
+------------------------+------------+-----------------------------------------------------------------------+
; Parameter Name         ; Value      ; Type                                                                  ;
+------------------------+------------+-----------------------------------------------------------------------+
; LPM_WIDTH              ; 10         ; Signed Integer                                                        ;
; LPM_DIRECTION          ; LEFT       ; Untyped                                                               ;
; LPM_AVALUE             ; UNUSED     ; Untyped                                                               ;
; LPM_SVALUE             ; UNUSED     ; Untyped                                                               ;
; DEVICE_FAMILY          ; Cyclone II ; Untyped                                                               ;
; AUTO_CARRY_CHAINS      ; ON         ; AUTO_CARRY                                                            ;
; IGNORE_CARRY_BUFFERS   ; OFF        ; IGNORE_CARRY                                                          ;
; AUTO_CASCADE_CHAINS    ; ON         ; AUTO_CASCADE                                                          ;
; IGNORE_CASCADE_BUFFERS ; OFF        ; IGNORE_CASCADE                                                        ;
+------------------------+------------+-----------------------------------------------------------------------+
Note: In order to hide this table in the UI and the text report file, please set the "Show Parameter Settings in Synthesis Report" option in "Analysis and Synthesis Settings -> More Settings" to "Off".


+--------------------------------------------------------------------------------------------------------+
; Parameter Settings for User Entity Instance: lpm_shiftreg_SPI:inst|lpm_shiftreg:LPM_SHIFTREG_component ;
+------------------------+------------+------------------------------------------------------------------+
; Parameter Name         ; Value      ; Type                                                             ;
+------------------------+------------+------------------------------------------------------------------+
; LPM_WIDTH              ; 10         ; Signed Integer                                                   ;
; LPM_DIRECTION          ; LEFT       ; Untyped                                                          ;
; LPM_AVALUE             ; UNUSED     ; Untyped                                                          ;
; LPM_SVALUE             ; UNUSED     ; Untyped                                                          ;
; DEVICE_FAMILY          ; Cyclone II ; Untyped                                                          ;
; AUTO_CARRY_CHAINS      ; ON         ; AUTO_CARRY                                                       ;
; IGNORE_CARRY_BUFFERS   ; OFF        ; IGNORE_CARRY                                                     ;
; AUTO_CASCADE_CHAINS    ; ON         ; AUTO_CASCADE                                                     ;
; IGNORE_CASCADE_BUFFERS ; OFF        ; IGNORE_CASCADE                                                   ;
+------------------------+------------+------------------------------------------------------------------+
Note: In order to hide this table in the UI and the text report file, please set the "Show Parameter Settings in Synthesis Report" option in "Analysis and Synthesis Settings -> More Settings" to "Off".


+------------------------------------------------------------------------------------------------------------------------------+
; Parameter Settings for User Entity Instance: lpm_shiftreg_SENSOR1_SINCRONIZADOR_1:inst11|lpm_shiftreg:LPM_SHIFTREG_component ;
+------------------------+------------+----------------------------------------------------------------------------------------+
; Parameter Name         ; Value      ; Type                                                                                   ;
+------------------------+------------+----------------------------------------------------------------------------------------+
; LPM_WIDTH              ; 10         ; Signed Integer                                                                         ;
; LPM_DIRECTION          ; LEFT       ; Untyped                                                                                ;
; LPM_AVALUE             ; UNUSED     ; Untyped                                                                                ;
; LPM_SVALUE             ; UNUSED     ; Untyped                                                                                ;
; DEVICE_FAMILY          ; Cyclone II ; Untyped                                                                                ;
; AUTO_CARRY_CHAINS      ; ON         ; AUTO_CARRY                                                                             ;
; IGNORE_CARRY_BUFFERS   ; OFF        ; IGNORE_CARRY                                                                           ;
; AUTO_CASCADE_CHAINS    ; ON         ; AUTO_CASCADE                                                                           ;
; IGNORE_CASCADE_BUFFERS ; OFF        ; IGNORE_CASCADE                                                                         ;
+------------------------+------------+----------------------------------------------------------------------------------------+
Note: In order to hide this table in the UI and the text report file, please set the "Show Parameter Settings in Synthesis Report" option in "Analysis and Synthesis Settings -> More Settings" to "Off".


+-------------------------------------------------------------------------------------------------------------+
; Parameter Settings for User Entity Instance: lpm_shiftreg_SENSOR1:inst4|lpm_shiftreg:LPM_SHIFTREG_component ;
+------------------------+------------+-----------------------------------------------------------------------+
; Parameter Name         ; Value      ; Type                                                                  ;
+------------------------+------------+-----------------------------------------------------------------------+
; LPM_WIDTH              ; 10         ; Signed Integer                                                        ;
; LPM_DIRECTION          ; LEFT       ; Untyped                                                               ;
; LPM_AVALUE             ; UNUSED     ; Untyped                                                               ;
; LPM_SVALUE             ; UNUSED     ; Untyped                                                               ;
; DEVICE_FAMILY          ; Cyclone II ; Untyped                                                               ;
; AUTO_CARRY_CHAINS      ; ON         ; AUTO_CARRY                                                            ;
; IGNORE_CARRY_BUFFERS   ; OFF        ; IGNORE_CARRY                                                          ;
; AUTO_CASCADE_CHAINS    ; ON         ; AUTO_CASCADE                                                          ;
; IGNORE_CASCADE_BUFFERS ; OFF        ; IGNORE_CASCADE                                                        ;
+------------------------+------------+-----------------------------------------------------------------------+
Note: In order to hide this table in the UI and the text report file, please set the "Show Parameter Settings in Synthesis Report" option in "Analysis and Synthesis Settings -> More Settings" to "Off".


+--------------------------------------------------------------------------------------------------------------+
; lpm_shiftreg Parameter Settings by Entity Instance                                                           ;
+----------------------------+---------------------------------------------------------------------------------+
; Name                       ; Value                                                                           ;
+----------------------------+---------------------------------------------------------------------------------+
; Number of entity instances ; 5                                                                               ;
; Entity Instance            ; lpm_shiftreg_SENSOR1_SINCRONIZADOR_1:inst10|lpm_shiftreg:LPM_SHIFTREG_component ;
;     -- LPM_WIDTH           ; 10                                                                              ;
;     -- LPM_DIRECTION       ; LEFT                                                                            ;
; Entity Instance            ; lpm_shiftreg_SENSOR1:inst3|lpm_shiftreg:LPM_SHIFTREG_component                  ;
;     -- LPM_WIDTH           ; 10                                                                              ;
;     -- LPM_DIRECTION       ; LEFT                                                                            ;
; Entity Instance            ; lpm_shiftreg_SPI:inst|lpm_shiftreg:LPM_SHIFTREG_component                       ;
;     -- LPM_WIDTH           ; 10                                                                              ;
;     -- LPM_DIRECTION       ; LEFT                                                                            ;
; Entity Instance            ; lpm_shiftreg_SENSOR1_SINCRONIZADOR_1:inst11|lpm_shiftreg:LPM_SHIFTREG_component ;
;     -- LPM_WIDTH           ; 10                                                                              ;
;     -- LPM_DIRECTION       ; LEFT                                                                            ;
; Entity Instance            ; lpm_shiftreg_SENSOR1:inst4|lpm_shiftreg:LPM_SHIFTREG_component                  ;
;     -- LPM_WIDTH           ; 10                                                                              ;
;     -- LPM_DIRECTION       ; LEFT                                                                            ;
+----------------------------+---------------------------------------------------------------------------------+


+-------------------------------+
; Elapsed Time Per Partition    ;
+----------------+--------------+
; Partition Name ; Elapsed Time ;
+----------------+--------------+
; Top            ; 00:00:00     ;
+----------------+--------------+


+-------------------------------+
; Analysis & Synthesis Messages ;
+-------------------------------+
Info: *******************************************************************
Info: Running Quartus II 64-Bit Analysis & Synthesis
    Info: Version 13.0.0 Build 156 04/24/2013 SJ Web Edition
    Info: Processing started: Thu Nov  8 08:01:35 2018
Info: Command: quartus_map --read_settings_files=on --write_settings_files=off Secador -c Secador
Warning (20028): Parallel compilation is not licensed and has been disabled
Info (12021): Found 2 design units, including 1 entities, in source file components/lpm_shiftreg_SPI.vhd
    Info (12022): Found design unit 1: lpm_shiftreg_spi-SYN
    Info (12023): Found entity 1: lpm_shiftreg_SPI
Info (12021): Found 2 design units, including 1 entities, in source file components/lpm_counter_SPI.vhd
    Info (12022): Found design unit 1: lpm_counter_spi-SYN
    Info (12023): Found entity 1: lpm_counter_SPI
Info (12021): Found 2 design units, including 1 entities, in source file components/lpm_shiftreg_SENSOR1.vhd
    Info (12022): Found design unit 1: lpm_shiftreg_sensor1-SYN
    Info (12023): Found entity 1: lpm_shiftreg_SENSOR1
Info (12021): Found 2 design units, including 1 entities, in source file components/lpm_shiftreg_SENSOR1_SINCRONIZADOR_1.vhd
    Info (12022): Found design unit 1: lpm_shiftreg_sensor1_sincronizador_1-SYN
    Info (12023): Found entity 1: lpm_shiftreg_SENSOR1_SINCRONIZADOR_1
Info (12021): Found 1 design units, including 1 entities, in source file Secador.bdf
    Info (12023): Found entity 1: Secador
Info (12127): Elaborating entity "Secador" for the top level hierarchy
Info (12128): Elaborating entity "lpm_shiftreg_SENSOR1_SINCRONIZADOR_1" for hierarchy "lpm_shiftreg_SENSOR1_SINCRONIZADOR_1:inst10"
Info (12128): Elaborating entity "lpm_shiftreg" for hierarchy "lpm_shiftreg_SENSOR1_SINCRONIZADOR_1:inst10|lpm_shiftreg:LPM_SHIFTREG_component"
Info (12130): Elaborated megafunction instantiation "lpm_shiftreg_SENSOR1_SINCRONIZADOR_1:inst10|lpm_shiftreg:LPM_SHIFTREG_component"
Info (12133): Instantiated megafunction "lpm_shiftreg_SENSOR1_SINCRONIZADOR_1:inst10|lpm_shiftreg:LPM_SHIFTREG_component" with the following parameter:
    Info (12134): Parameter "lpm_direction" = "LEFT"
    Info (12134): Parameter "lpm_type" = "LPM_SHIFTREG"
    Info (12134): Parameter "lpm_width" = "10"
Info (12128): Elaborating entity "lpm_counter_SPI" for hierarchy "lpm_counter_SPI:inst2"
Info (12128): Elaborating entity "lpm_counter" for hierarchy "lpm_counter_SPI:inst2|lpm_counter:LPM_COUNTER_component"
Info (12130): Elaborated megafunction instantiation "lpm_counter_SPI:inst2|lpm_counter:LPM_COUNTER_component"
Info (12133): Instantiated megafunction "lpm_counter_SPI:inst2|lpm_counter:LPM_COUNTER_component" with the following parameter:
    Info (12134): Parameter "lpm_direction" = "UP"
    Info (12134): Parameter "lpm_port_updown" = "PORT_UNUSED"
    Info (12134): Parameter "lpm_type" = "LPM_COUNTER"
    Info (12134): Parameter "lpm_width" = "1"
Info (12021): Found 1 design units, including 1 entities, in source file db/cntr_g3i.tdf
    Info (12023): Found entity 1: cntr_g3i
Info (12128): Elaborating entity "cntr_g3i" for hierarchy "lpm_counter_SPI:inst2|lpm_counter:LPM_COUNTER_component|cntr_g3i:auto_generated"
Info (12128): Elaborating entity "lpm_shiftreg_SENSOR1" for hierarchy "lpm_shiftreg_SENSOR1:inst3"
Info (12128): Elaborating entity "lpm_shiftreg" for hierarchy "lpm_shiftreg_SENSOR1:inst3|lpm_shiftreg:LPM_SHIFTREG_component"
Info (12130): Elaborated megafunction instantiation "lpm_shiftreg_SENSOR1:inst3|lpm_shiftreg:LPM_SHIFTREG_component"
Info (12133): Instantiated megafunction "lpm_shiftreg_SENSOR1:inst3|lpm_shiftreg:LPM_SHIFTREG_component" with the following parameter:
    Info (12134): Parameter "lpm_direction" = "LEFT"
    Info (12134): Parameter "lpm_type" = "LPM_SHIFTREG"
    Info (12134): Parameter "lpm_width" = "10"
Info (12128): Elaborating entity "lpm_shiftreg_SPI" for hierarchy "lpm_shiftreg_SPI:inst"
Info (12128): Elaborating entity "lpm_shiftreg" for hierarchy "lpm_shiftreg_SPI:inst|lpm_shiftreg:LPM_SHIFTREG_component"
Info (12130): Elaborated megafunction instantiation "lpm_shiftreg_SPI:inst|lpm_shiftreg:LPM_SHIFTREG_component"
Info (12133): Instantiated megafunction "lpm_shiftreg_SPI:inst|lpm_shiftreg:LPM_SHIFTREG_component" with the following parameter:
    Info (12134): Parameter "lpm_direction" = "LEFT"
    Info (12134): Parameter "lpm_type" = "LPM_SHIFTREG"
    Info (12134): Parameter "lpm_width" = "10"
Info (16010): Generating hard_block partition "hard_block:auto_generated_inst"
    Info (16011): Adding 0 node(s), including 0 DDIO, 0 PLL, 0 transceiver and 0 LCELL
Info (21057): Implemented 76 device resources after synthesis - the final resource count might be different
    Info (21058): Implemented 4 input pins
    Info (21059): Implemented 20 output pins
    Info (21061): Implemented 52 logic cells
Info: Quartus II 64-Bit Analysis & Synthesis was successful. 0 errors, 1 warning
    Info: Peak virtual memory: 666 megabytes
    Info: Processing ended: Thu Nov  8 08:01:39 2018
    Info: Elapsed time: 00:00:04
    Info: Total CPU time (on all processors): 00:00:02


